Entry Time: 13/09/2024 15:35:52
Method: POST
URL: /auth/login
Response Time: 29.716 ms
Status: 200
Entry Time: 13/09/2024 16:03:48
Method: POST
URL: /auth/login
Response Time: 3.998 ms
Status: 200
Entry Time: 13/09/2024 16:08:07
Method: POST
URL: /auth/login
Response Time: 2.607 ms
Status: 200
Entry Time: 13/09/2024 16:44:28
Method: POST
URL: /auth/login
Response Time: 2.902 ms
Status: 200
Entry Time: 13/09/2024 17:01:15
Method: POST
URL: /auth/login
Response Time: 5.942 ms
Status: 200
Entry Time: 13/09/2024 17:01:52
Method: POST
URL: /auth/login
Response Time: 6.035 ms
Status: 200
